0 info it worked if it ends with ok
1 verbose cli [ '/usr/bin/node',
1 verbose cli   '/usr/bin/npm',
1 verbose cli   'install',
1 verbose cli   'grunt--no-bin-links' ]
2 info using npm@1.4.28
3 info using node@v0.10.37
4 verbose node symlink /usr/bin/node
5 verbose readDependencies using package.json deps
6 verbose cache add [ 'grunt--no-bin-links', null ]
7 verbose cache add name=undefined spec="grunt--no-bin-links" args=["grunt--no-bin-links",null]
8 verbose parsed url { protocol: null,
8 verbose parsed url   slashes: null,
8 verbose parsed url   auth: null,
8 verbose parsed url   host: null,
8 verbose parsed url   port: null,
8 verbose parsed url   hostname: null,
8 verbose parsed url   hash: null,
8 verbose parsed url   search: null,
8 verbose parsed url   query: null,
8 verbose parsed url   pathname: 'grunt--no-bin-links',
8 verbose parsed url   path: 'grunt--no-bin-links',
8 verbose parsed url   href: 'grunt--no-bin-links' }
9 silly lockFile 1726c048-grunt-no-bin-links grunt--no-bin-links
10 verbose lock grunt--no-bin-links /home/vagrant/.npm/1726c048-grunt-no-bin-links.lock
11 silly lockFile 1726c048-grunt-no-bin-links grunt--no-bin-links
12 silly lockFile 1726c048-grunt-no-bin-links grunt--no-bin-links
13 verbose addNamed [ 'grunt--no-bin-links', '' ]
14 verbose addNamed [ null, '*' ]
15 silly lockFile d706c4bf-grunt-no-bin-links grunt--no-bin-links@
16 verbose lock grunt--no-bin-links@ /home/vagrant/.npm/d706c4bf-grunt-no-bin-links.lock
17 silly addNameRange { name: 'grunt--no-bin-links', range: '*', hasData: false }
18 verbose request where is /grunt--no-bin-links
19 verbose request registry https://registry.npmjs.org/
20 verbose request id 671f8a110552d9ae
21 verbose url raw /grunt--no-bin-links
22 verbose url resolving [ 'https://registry.npmjs.org/', './grunt--no-bin-links' ]
23 verbose url resolved https://registry.npmjs.org/grunt--no-bin-links
24 verbose request where is https://registry.npmjs.org/grunt--no-bin-links
25 info trying registry request attempt 1 at 17:08:10
26 http GET https://registry.npmjs.org/grunt--no-bin-links
27 http 404 https://registry.npmjs.org/grunt--no-bin-links
28 verbose headers { server: 'CouchDB/1.5.0 (Erlang OTP/R16B03)',
28 verbose headers   'content-type': 'application/json',
28 verbose headers   'cache-control': 'max-age=0',
28 verbose headers   'content-length': '51',
28 verbose headers   'accept-ranges': 'bytes',
28 verbose headers   date: 'Wed, 20 May 2015 17:08:16 GMT',
28 verbose headers   via: '1.1 varnish',
28 verbose headers   age: '0',
28 verbose headers   connection: 'keep-alive',
28 verbose headers   'x-served-by': 'cache-ams4150-AMS',
28 verbose headers   'x-cache': 'MISS',
28 verbose headers   'x-cache-hits': '0',
28 verbose headers   'x-timer': 'S1432141695.676526,VS0,VE671' }
29 silly registry.get cb [ 404,
29 silly registry.get   { server: 'CouchDB/1.5.0 (Erlang OTP/R16B03)',
29 silly registry.get     'content-type': 'application/json',
29 silly registry.get     'cache-control': 'max-age=0',
29 silly registry.get     'content-length': '51',
29 silly registry.get     'accept-ranges': 'bytes',
29 silly registry.get     date: 'Wed, 20 May 2015 17:08:16 GMT',
29 silly registry.get     via: '1.1 varnish',
29 silly registry.get     age: '0',
29 silly registry.get     connection: 'keep-alive',
29 silly registry.get     'x-served-by': 'cache-ams4150-AMS',
29 silly registry.get     'x-cache': 'MISS',
29 silly registry.get     'x-cache-hits': '0',
29 silly registry.get     'x-timer': 'S1432141695.676526,VS0,VE671' } ]
30 silly lockFile d706c4bf-grunt-no-bin-links grunt--no-bin-links@
31 silly lockFile d706c4bf-grunt-no-bin-links grunt--no-bin-links@
32 error 404 404 Not Found: grunt--no-bin-links
32 error 404
32 error 404 'grunt--no-bin-links' is not in the npm registry.
32 error 404 You should bug the author to publish it
32 error 404 It was specified as a dependency of 'kulturraadet-demonstratorer'
32 error 404
32 error 404 Note that you can also install from a
32 error 404 tarball, folder, or http url, or git url.
33 error System Linux 3.13.0-45-generic
34 error command "/usr/bin/node" "/usr/bin/npm" "install" "grunt--no-bin-links"
35 error cwd /vagrant/demonstratorer
36 error node -v v0.10.37
37 error npm -v 1.4.28
38 error code E404
39 verbose exit [ 1, true ]
